<?xml version="1.0" encoding="UTF-8"?>
<!-- Generated by org.testng.reporters.JUnitReportReporter -->
<testsuite skipped="0" hostname="DESKTOP-MMP20CP" name="com.Testng_Concept.Invocation_Concept" tests="8" failures="0" timestamp="2021-03-09T22:06:29 IST" time="0.015" errors="0">
  <testcase name="earphonesearch" time="0.001" classname="com.Testng_Concept.Invocation_Concept"/>
  <system-out/>
  <testcase name="booksearch" time="0.001" classname="com.Testng_Concept.Invocation_Concept"/>
  <system-out/>
  <testcase name="mobilesearch" time="0.001" classname="com.Testng_Concept.Invocation_Concept"/>
  <system-out/>
  <testcase name="laptopsearch" time="0.001" classname="com.Testng_Concept.Invocation_Concept"/>
  <system-out/>
  <testcase name="babytoyssearch" time="0.008" classname="com.Testng_Concept.Invocation_Concept"/>
  <system-out/>
  <testcase name="laptopsearch" time="0.001" classname="com.Testng_Concept.Invocation_Concept"/>
  <system-out/>
  <testcase name="laptopsearch" time="0.001" classname="com.Testng_Concept.Invocation_Concept"/>
  <system-out/>
  <testcase name="laptopsearch" time="0.001" classname="com.Testng_Concept.Invocation_Concept"/>
  <system-out/>
</testsuite> <!-- com.Testng_Concept.Invocation_Concept -->
