<?xml version="1.0" encoding="UTF-8"?>
<!-- Generated by org.testng.reporters.JUnitReportReporter -->
<testsuite skipped="0" hostname="DESKTOP-MMP20CP" name="com.Testng_Concept.Softassert_Concept" tests="1" failures="0" timestamp="2021-03-11T17:26:00 IST" time="0.024" errors="0">
  <testcase name="credentials" time="0.024" classname="com.Testng_Concept.Softassert_Concept"/>
  <system-out/>
</testsuite> <!-- com.Testng_Concept.Softassert_Concept -->
