<?xml version="1.0" encoding="UTF-8"?>
<!-- Generated by org.testng.reporters.JUnitReportReporter -->
<testsuite skipped="2" hostname="DESKTOP-MMP20CP" name="com.Testng_Concept.Ignore_Concept" tests="3" failures="0" timestamp="2021-03-09T20:08:58 IST" time="0.006" errors="0">
  <testcase name="mobilesearch" time="0.006" classname="com.Testng_Concept.Ignore_Concept"/>
  <system-out/>
  <testcase name="laptopSerach" classname="com.Testng_Concept.Ignore_Concept">
    <skipped/>
  </testcase> <!-- laptopSerach -->
  <system-out/>
  <testcase name="earPhone" classname="com.Testng_Concept.Ignore_Concept">
    <skipped/>
  </testcase> <!-- earPhone -->
  <system-out/>
</testsuite> <!-- com.Testng_Concept.Ignore_Concept -->
