<?xml version="1.0" encoding="UTF-8"?>
<!-- Generated by org.testng.reporters.JUnitReportReporter -->
<testsuite skipped="0" hostname="DESKTOP-MMP20CP" name="com.Testng_Concept.Simple_Annotation" tests="2" failures="0" timestamp="2021-03-09T19:34:00 IST" time="0.020" errors="0">
  <testcase name="mobileSearch" time="0.010" classname="com.Testng_Concept.Simple_Annotation"/>
  <system-out/>
  <testcase name="laptopSearch" time="0.010" classname="com.Testng_Concept.Simple_Annotation"/>
  <system-out/>
</testsuite> <!-- com.Testng_Concept.Simple_Annotation -->
