<?xml version="1.0" encoding="UTF-8"?>
<!-- Generated by org.testng.reporters.JUnitReportReporter -->
<testsuite skipped="0" hostname="DESKTOP-MMP20CP" name="com.Testng_Concept.Excepted_Exceptions" tests="1" failures="0" timestamp="2021-03-09T23:38:15 IST" time="0.009" errors="0">
  <testcase name="add" time="0.009" classname="com.Testng_Concept.Excepted_Exceptions"/>
  <system-out/>
</testsuite> <!-- com.Testng_Concept.Excepted_Exceptions -->
