<?xml version="1.0" encoding="UTF-8"?>
<!-- Generated by org.testng.reporters.JUnitReportReporter -->
<testsuite skipped="0" hostname="DESKTOP-MMP20CP" name="com.Testng_Concept.Priority_Concept" tests="5" failures="0" timestamp="2021-03-09T20:14:47 IST" time="0.024" errors="0">
  <testcase name="mobilesearch" time="0.010" classname="com.Testng_Concept.Priority_Concept"/>
  <system-out/>
  <testcase name="booksearch" time="0.005" classname="com.Testng_Concept.Priority_Concept"/>
  <system-out/>
  <testcase name="earphonesearch" time="0.005" classname="com.Testng_Concept.Priority_Concept"/>
  <system-out/>
  <testcase name="babytoyssearch" time="0.002" classname="com.Testng_Concept.Priority_Concept"/>
  <system-out/>
  <testcase name="laptopsearch" time="0.002" classname="com.Testng_Concept.Priority_Concept"/>
  <system-out/>
</testsuite> <!-- com.Testng_Concept.Priority_Concept -->
