<?xml version="1.0" encoding="UTF-8"?>
<!-- Generated by org.testng.reporters.JUnitReportReporter -->
<testsuite skipped="0" hostname="DESKTOP-MMP20CP" name="com.Testng_Concept.Data_Provider" tests="3" failures="0" timestamp="2021-03-10T23:38:03 IST" time="0.014" errors="0">
  <testcase name="credentials" time="0.009" classname="com.Testng_Concept.Data_Provider"/>
  <system-out/>
  <testcase name="credentials" time="0.003" classname="com.Testng_Concept.Data_Provider"/>
  <system-out/>
  <testcase name="credentials" time="0.002" classname="com.Testng_Concept.Data_Provider"/>
  <system-out/>
</testsuite> <!-- com.Testng_Concept.Data_Provider -->
