<?xml version="1.0" encoding="UTF-8"?>
<!-- Generated by org.testng.reporters.JUnitReportReporter -->
<testsuite skipped="0" hostname="DESKTOP-MMP20CP" name="com.Testng_Concept.Timeout_Concept" tests="1" failures="0" timestamp="2021-03-09T23:31:53 IST" time="1.015" errors="0">
  <testcase name="navigateTopage" time="1.015" classname="com.Testng_Concept.Timeout_Concept"/>
  <system-out/>
</testsuite> <!-- com.Testng_Concept.Timeout_Concept -->
